2024-12-05 15:29:05,360 - INFO - Программа запущенна
2024-12-05 15:29:05,360 - INFO - Проверка наличия файла конфигурации
2024-12-05 15:29:05,360 - INFO - Файл конфигурации найден
2024-12-05 15:29:07,071 - INFO - Попытка открыть файл: numbers.xlsx
2024-12-05 15:29:07,283 - INFO - Файл успешно открыт
2024-12-05 15:29:07,284 - INFO - Столбец 'Сообщение' отсутствует. Генерация сообщений...
2024-12-05 15:29:07,284 - INFO - Сообщения успешно созданы
2024-12-05 15:29:07,284 - INFO - Данные успешно проверены и обработаны
2024-12-05 15:29:07,288 - INFO - Успешно преобразовано в словарь: 1 записей
2024-12-05 15:29:07,288 - INFO - Инициализация БД
2024-12-05 15:29:07,290 - INFO - БД инициализированна
2024-12-05 15:29:09,443 - INFO - Отправка SMS на номер 79830316674.
2024-12-05 15:29:09,443 - INFO - Добавление номера 79830316674 в БД
2024-12-05 15:29:09,478 - INFO - Номер 79830316674 добавлен в БД
2024-12-05 15:29:09,478 - INFO - Вызов функции рассылки SMS
2024-12-05 15:29:09,478 - INFO - Выгрузка данных из файла конфигурации
2024-12-05 15:29:09,479 - INFO - Адрес шлюза:http://api.sms-gate.app/3rdparty/v1/message
2024-12-05 15:29:09,479 - INFO - Формирование запроса к шлюзу
2024-12-05 15:29:10,586 - INFO - Запрос отправлен на шлюз
2024-12-05 15:29:10,586 - INFO - СМС успешно отправлено на номер ['+79830316674']
2024-12-05 15:29:10,586 - INFO - Рассылка завершена
2024-12-05 15:29:35,694 - INFO - Программа запущенна
2024-12-05 15:29:35,694 - INFO - Проверка наличия файла конфигурации
2024-12-05 15:29:35,694 - INFO - Файл конфигурации найден
2024-12-05 15:29:37,245 - INFO - Попытка открыть файл: numbers.xlsx
2024-12-05 15:29:37,459 - INFO - Файл успешно открыт
2024-12-05 15:29:37,460 - INFO - Столбец 'Сообщение' отсутствует. Генерация сообщений...
2024-12-05 15:29:37,460 - INFO - Сообщения успешно созданы
2024-12-05 15:29:37,460 - INFO - Данные успешно проверены и обработаны
2024-12-05 15:29:37,465 - INFO - Успешно преобразовано в словарь: 1 записей
2024-12-05 15:29:37,465 - INFO - Инициализация БД
2024-12-05 15:29:37,467 - INFO - БД инициализированна
2024-12-05 15:29:40,405 - INFO - Отправка SMS на номер 79830316674.
2024-12-05 15:29:40,405 - INFO - Добавление номера 79830316674 в БД
2024-12-05 15:29:40,428 - INFO - Номер 79830316674 добавлен в БД
2024-12-05 15:29:40,428 - INFO - Вызов функции рассылки SMS
2024-12-05 15:29:40,428 - INFO - Выгрузка данных из файла конфигурации
2024-12-05 15:29:40,429 - INFO - Адрес шлюза:http://api.sms-gate.app/3rdparty/v1/message
2024-12-05 15:29:40,429 - INFO - Формирование запроса к шлюзу
2024-12-05 15:29:41,226 - INFO - Запрос отправлен на шлюз
2024-12-05 15:29:41,226 - INFO - СМС успешно отправлено на номер ['+79830316674']
2024-12-05 15:29:41,226 - INFO - Рассылка завершена
